<?xml version="1.0" encoding="utf-8"?>
<coverage line-rate="0.5595" branch-rate="0.41659999999999997" version="1.9" timestamp="1682889959" lines-covered="47" lines-valid="84" branches-covered="10" branches-valid="24">
  <sources>
    <source>C:\</source>
  </sources>
  <packages>
    <package name="TextManager" line-rate="0.5595" branch-rate="0.41659999999999997" complexity="27">
      <classes>
        <class name="TextManager.TextManager" filename="Users\javie\source\repos\Testing\demoxunit\TextManager\TextManager.cs" line-rate="0.5595" branch-rate="0.41659999999999997" complexity="27">
          <methods>
            <method name="get_TextOriginal" signature="()" line-rate="1" branch-rate="1" complexity="1">
              <lines>
                <line number="33" hits="35" branch="False" />
              </lines>
            </method>
            <method name="get_TextEdited" signature="()" line-rate="1" branch-rate="1" complexity="1">
              <lines>
                <line number="38" hits="18" branch="False" />
              </lines>
            </method>
            <method name="CountWords" signature="()" line-rate="1" branch-rate="1" complexity="4">
              <lines>
                <line number="45" hits="6" branch="False" />
                <line number="47" hits="6" branch="False" />
                <line number="50" hits="6" branch="False" />
                <line number="52" hits="62" branch="True" condition-coverage="100% (2/2)">
                  <conditions>
                    <condition number="62" type="jump" coverage="100%" />
                  </conditions>
                </line>
                <line number="53" hits="22" branch="False" />
                <line number="55" hits="22" branch="True" condition-coverage="100% (2/2)">
                  <conditions>
                    <condition number="45" type="jump" coverage="100%" />
                  </conditions>
                </line>
                <line number="56" hits="20" branch="False" />
                <line number="57" hits="20" branch="False" />
                <line number="58" hits="20" branch="False" />
                <line number="59" hits="22" branch="False" />
                <line number="61" hits="6" branch="False" />
                <line number="63" hits="6" branch="False" />
                <line number="64" hits="6" branch="False" />
              </lines>
            </method>
            <method name="CountLetters" signature="()" line-rate="0" branch-rate="0" complexity="4">
              <lines>
                <line number="71" hits="0" branch="False" />
                <line number="73" hits="0" branch="False" />
                <line number="76" hits="0" branch="False" />
                <line number="78" hits="0" branch="True" condition-coverage="0% (0/2)">
                  <conditions>
                    <condition number="68" type="jump" coverage="0%" />
                  </conditions>
                </line>
                <line number="79" hits="0" branch="False" />
                <line number="81" hits="0" branch="True" condition-coverage="0% (0/2)">
                  <conditions>
                    <condition number="45" type="jump" coverage="0%" />
                  </conditions>
                </line>
                <line number="82" hits="0" branch="False" />
                <line number="83" hits="0" branch="False" />
                <line number="84" hits="0" branch="False" />
                <line number="85" hits="0" branch="False" />
                <line number="87" hits="0" branch="False" />
                <line number="88" hits="0" branch="False" />
              </lines>
            </method>
            <method name="CountWordsTextEdited" signature="()" line-rate="0" branch-rate="0" complexity="4">
              <lines>
                <line number="95" hits="0" branch="False" />
                <line number="97" hits="0" branch="False" />
                <line number="100" hits="0" branch="False" />
                <line number="102" hits="0" branch="True" condition-coverage="0% (0/2)">
                  <conditions>
                    <condition number="62" type="jump" coverage="0%" />
                  </conditions>
                </line>
                <line number="103" hits="0" branch="False" />
                <line number="105" hits="0" branch="True" condition-coverage="0% (0/2)">
                  <conditions>
                    <condition number="45" type="jump" coverage="0%" />
                  </conditions>
                </line>
                <line number="106" hits="0" branch="False" />
                <line number="107" hits="0" branch="False" />
                <line number="108" hits="0" branch="False" />
                <line number="109" hits="0" branch="False" />
                <line number="111" hits="0" branch="False" />
                <line number="112" hits="0" branch="False" />
              </lines>
            </method>
            <method name="FindWord" signature="(System.String,System.Boolean)" line-rate="1" branch-rate="1" complexity="4">
              <lines>
                <line number="121" hits="2" branch="False" />
                <line number="122" hits="2" branch="False" />
                <line number="123" hits="2" branch="False" />
                <line number="125" hits="2" branch="True" condition-coverage="100% (2/2)">
                  <conditions>
                    <condition number="17" type="jump" coverage="100%" />
                  </conditions>
                </line>
                <line number="126" hits="2" branch="False" />
                <line number="127" hits="2" branch="False" />
                <line number="128" hits="2" branch="False" />
                <line number="129" hits="2" branch="False" />
                <line number="131" hits="2" branch="False" />
                <line number="132" hits="4" branch="True" condition-coverage="100% (2/2)">
                  <conditions>
                    <condition number="79" type="jump" coverage="100%" />
                  </conditions>
                </line>
                <line number="133" hits="2" branch="False" />
                <line number="134" hits="2" branch="False" />
                <line number="137" hits="2" branch="False" />
                <line number="138" hits="2" branch="False" />
                <line number="140" hits="2" branch="False" />
                <line number="141" hits="2" branch="False" />
              </lines>
            </method>
            <method name="FindExactWord" signature="(System.String,System.Boolean)" line-rate="0.4347" branch-rate="0.25" complexity="8">
              <lines>
                <line number="150" hits="1" branch="False" />
                <line number="152" hits="1" branch="False" />
                <line number="154" hits="1" branch="False" />
                <line number="157" hits="1" branch="False" />
                <line number="159" hits="4" branch="True" condition-coverage="50% (1/2)">
                  <conditions>
                    <condition number="166" type="jump" coverage="50%" />
                  </conditions>
                </line>
                <line number="160" hits="1" branch="False" />
                <line number="161" hits="1" branch="True" condition-coverage="50% (1/2)">
                  <conditions>
                    <condition number="62" type="jump" coverage="50%" />
                  </conditions>
                </line>
                <line number="162" hits="1" branch="False" />
                <line number="163" hits="1" branch="False" />
                <line number="164" hits="1" branch="True" condition-coverage="0% (0/2)">
                  <conditions>
                    <condition number="101" type="jump" coverage="0%" />
                  </conditions>
                </line>
                <line number="165" hits="0" branch="False" />
                <line number="166" hits="0" branch="False" />
                <line number="167" hits="0" branch="False" />
                <line number="168" hits="0" branch="False" />
                <line number="170" hits="0" branch="False" />
                <line number="171" hits="0" branch="True" condition-coverage="0% (0/2)">
                  <conditions>
                    <condition number="145" type="jump" coverage="0%" />
                  </conditions>
                </line>
                <line number="172" hits="0" branch="False" />
                <line number="173" hits="0" branch="False" />
                <line number="174" hits="0" branch="False" />
                <line number="175" hits="0" branch="False" />
                <line number="176" hits="0" branch="False" />
                <line number="178" hits="0" branch="False" />
                <line number="179" hits="0" branch="False" />
              </lines>
            </method>
            <method name=".ctor" signature="(System.String,Microsoft.Extensions.Logging.ILogger`1&lt;TextManager.TextManager&gt;)" line-rate="1" branch-rate="1" complexity="1">
              <lines>
                <line number="21" hits="18" branch="False" />
                <line number="22" hits="18" branch="False" />
                <line number="23" hits="18" branch="False" />
                <line number="24" hits="18" branch="False" />
                <line number="25" hits="18" branch="False" />
                <line number="26" hits="18" branch="False" />
              </lines>
            </method>
          </methods>
          <lines>
            <line number="33" hits="35" branch="False" />
            <line number="38" hits="18" branch="False" />
            <line number="45" hits="6" branch="False" />
            <line number="47" hits="6" branch="False" />
            <line number="50" hits="6" branch="False" />
            <line number="52" hits="62" branch="True" condition-coverage="100% (2/2)">
              <conditions>
                <condition number="62" type="jump" coverage="100%" />
              </conditions>
            </line>
            <line number="53" hits="22" branch="False" />
            <line number="55" hits="22" branch="True" condition-coverage="100% (2/2)">
              <conditions>
                <condition number="45" type="jump" coverage="100%" />
              </conditions>
            </line>
            <line number="56" hits="20" branch="False" />
            <line number="57" hits="20" branch="False" />
            <line number="58" hits="20" branch="False" />
            <line number="59" hits="22" branch="False" />
            <line number="61" hits="6" branch="False" />
            <line number="63" hits="6" branch="False" />
            <line number="64" hits="6" branch="False" />
            <line number="71" hits="0" branch="False" />
            <line number="73" hits="0" branch="False" />
            <line number="76" hits="0" branch="False" />
            <line number="78" hits="0" branch="True" condition-coverage="0% (0/2)">
              <conditions>
                <condition number="68" type="jump" coverage="0%" />
              </conditions>
            </line>
            <line number="79" hits="0" branch="False" />
            <line number="81" hits="0" branch="True" condition-coverage="0% (0/2)">
              <conditions>
                <condition number="45" type="jump" coverage="0%" />
              </conditions>
            </line>
            <line number="82" hits="0" branch="False" />
            <line number="83" hits="0" branch="False" />
            <line number="84" hits="0" branch="False" />
            <line number="85" hits="0" branch="False" />
            <line number="87" hits="0" branch="False" />
            <line number="88" hits="0" branch="False" />
            <line number="95" hits="0" branch="False" />
            <line number="97" hits="0" branch="False" />
            <line number="100" hits="0" branch="False" />
            <line number="102" hits="0" branch="True" condition-coverage="0% (0/2)">
              <conditions>
                <condition number="62" type="jump" coverage="0%" />
              </conditions>
            </line>
            <line number="103" hits="0" branch="False" />
            <line number="105" hits="0" branch="True" condition-coverage="0% (0/2)">
              <conditions>
                <condition number="45" type="jump" coverage="0%" />
              </conditions>
            </line>
            <line number="106" hits="0" branch="False" />
            <line number="107" hits="0" branch="False" />
            <line number="108" hits="0" branch="False" />
            <line number="109" hits="0" branch="False" />
            <line number="111" hits="0" branch="False" />
            <line number="112" hits="0" branch="False" />
            <line number="121" hits="2" branch="False" />
            <line number="122" hits="2" branch="False" />
            <line number="123" hits="2" branch="False" />
            <line number="125" hits="2" branch="True" condition-coverage="100% (2/2)">
              <conditions>
                <condition number="17" type="jump" coverage="100%" />
              </conditions>
            </line>
            <line number="126" hits="2" branch="False" />
            <line number="127" hits="2" branch="False" />
            <line number="128" hits="2" branch="False" />
            <line number="129" hits="2" branch="False" />
            <line number="131" hits="2" branch="False" />
            <line number="132" hits="4" branch="True" condition-coverage="100% (2/2)">
              <conditions>
                <condition number="79" type="jump" coverage="100%" />
              </conditions>
            </line>
            <line number="133" hits="2" branch="False" />
            <line number="134" hits="2" branch="False" />
            <line number="137" hits="2" branch="False" />
            <line number="138" hits="2" branch="False" />
            <line number="140" hits="2" branch="False" />
            <line number="141" hits="2" branch="False" />
            <line number="150" hits="1" branch="False" />
            <line number="152" hits="1" branch="False" />
            <line number="154" hits="1" branch="False" />
            <line number="157" hits="1" branch="False" />
            <line number="159" hits="4" branch="True" condition-coverage="50% (1/2)">
              <conditions>
                <condition number="166" type="jump" coverage="50%" />
              </conditions>
            </line>
            <line number="160" hits="1" branch="False" />
            <line number="161" hits="1" branch="True" condition-coverage="50% (1/2)">
              <conditions>
                <condition number="62" type="jump" coverage="50%" />
              </conditions>
            </line>
            <line number="162" hits="1" branch="False" />
            <line number="163" hits="1" branch="False" />
            <line number="164" hits="1" branch="True" condition-coverage="0% (0/2)">
              <conditions>
                <condition number="101" type="jump" coverage="0%" />
              </conditions>
            </line>
            <line number="165" hits="0" branch="False" />
            <line number="166" hits="0" branch="False" />
            <line number="167" hits="0" branch="False" />
            <line number="168" hits="0" branch="False" />
            <line number="170" hits="0" branch="False" />
            <line number="171" hits="0" branch="True" condition-coverage="0% (0/2)">
              <conditions>
                <condition number="145" type="jump" coverage="0%" />
              </conditions>
            </line>
            <line number="172" hits="0" branch="False" />
            <line number="173" hits="0" branch="False" />
            <line number="174" hits="0" branch="False" />
            <line number="175" hits="0" branch="False" />
            <line number="176" hits="0" branch="False" />
            <line number="178" hits="0" branch="False" />
            <line number="179" hits="0" branch="False" />
            <line number="21" hits="18" branch="False" />
            <line number="22" hits="18" branch="False" />
            <line number="23" hits="18" branch="False" />
            <line number="24" hits="18" branch="False" />
            <line number="25" hits="18" branch="False" />
            <line number="26" hits="18" branch="False" />
          </lines>
        </class>
      </classes>
    </package>
  </packages>
</coverage>